<?xml version="1.0" encoding="UTF-8"?>
<!-- Generated by org.testng.reporters.JUnitReportReporter -->
<testsuite skipped="0" hostname="LAPTOP-A33NF1HV" name="testNGPractice.Day1" tests="4" failures="0" timestamp="2021-04-11T19:09:30 IST" time="0.009" errors="0">
  <testcase name="AmazonTitle" time="0.006" classname="testNGPractice.Day1"/>
  <system-out/>
  <testcase name="googleTitle" time="0.001" classname="testNGPractice.Day1"/>
  <system-out/>
  <testcase name="googleTitle" time="0.001" classname="testNGPractice.Day1"/>
  <system-out/>
  <testcase name="FbTitle" time="0.001" classname="testNGPractice.Day1"/>
  <system-out/>
</testsuite> <!-- testNGPractice.Day1 -->
