<?xml version="1.0" encoding="UTF-8"?>
<!-- Generated by org.testng.reporters.JUnitReportReporter -->
<testsuite skipped="0" hostname="LAPTOP-A33NF1HV" name="testcase.DeleteLead" tests="1" failures="0" timestamp="2021-02-28T20:23:34 IST" time="14.664" errors="0">
  <testcase name="runDeleteLead" time="14.664" classname="testcase.DeleteLead"/>
  <system-out/>
</testsuite> <!-- testcase.DeleteLead -->
