<?xml version="1.0" encoding="UTF-8"?>
<!-- Generated by org.testng.reporters.JUnitReportReporter -->
<testsuite skipped="0" hostname="LAPTOP-A33NF1HV" name="testNg.day2.LeadsTestCases" tests="3" failures="0" timestamp="2021-02-14T17:35:36 IST" time="0.010" errors="0">
  <testcase name="DeleteLead" time="0.001" classname="testNg.day2.LeadsTestCases"/>
  <system-out/>
  <testcase name="editLead" time="0.001" classname="testNg.day2.LeadsTestCases"/>
  <system-out/>
  <testcase name="createLead" time="0.008" classname="testNg.day2.LeadsTestCases"/>
  <system-out/>
</testsuite> <!-- testNg.day2.LeadsTestCases -->
