<?xml version="1.0" encoding="UTF-8"?>
<!-- Generated by org.testng.reporters.JUnitReportReporter -->
<testsuite skipped="0" hostname="LAPTOP-A33NF1HV" name="runner.RunCreateLead" tests="1" failures="0" timestamp="2021-04-17T14:53:35 IST" time="32.987" errors="0">
  <testcase name="runScenario" time="32.987" classname="runner.RunCreateLead"/>
  <system-out/>
</testsuite> <!-- runner.RunCreateLead -->
