<?xml version="1.0" encoding="UTF-8"?>
<!-- Generated by org.testng.reporters.JUnitReportReporter -->
<testsuite skipped="0" hostname="LAPTOP-A33NF1HV" name="testcase.TestNGAttributes" tests="6" failures="0" timestamp="2021-02-14T13:15:10 IST" time="0.011" errors="0">
  <testcase name="createLead" time="0.007" classname="testcase.TestNGAttributes"/>
  <system-out/>
  <testcase name="createLead" time="0.001" classname="testcase.TestNGAttributes"/>
  <system-out/>
  <testcase name="DeletLead" time="0.001" classname="testcase.TestNGAttributes"/>
  <system-out/>
  <testcase name="DeletLead" time="0.000" classname="testcase.TestNGAttributes"/>
  <system-out/>
  <testcase name="DeletLead" time="0.001" classname="testcase.TestNGAttributes"/>
  <system-out/>
  <testcase name="editLead" time="0.001" classname="testcase.TestNGAttributes"/>
  <system-out/>
</testsuite> <!-- testcase.TestNGAttributes -->
