<?xml version="1.0" encoding="UTF-8"?>
<!-- Generated by org.testng.reporters.JUnitReportReporter -->
<testsuite skipped="0" hostname="LAPTOP-A33NF1HV" name="testNg.day3.LearnTestNgAssertion" tests="1" failures="1" timestamp="2021-02-28T19:37:25 IST" time="26.761" errors="0">
  <testcase name="leafTapsLogin" time="26.761" classname="testNg.day3.LearnTestNgAssertion">
    <failure type="java.lang.AssertionError" message="The following asserts failed:
	expected [TestLeaf Automation Platform] but found [Leaftaps - TestLeaf Automation Platform]">
      <![CDATA[java.lang.AssertionError: The following asserts failed:
expected [TestLeaf Automation Platform] but found [Leaftaps - TestLeaf Automation Platform]
at org.testng.asserts.SoftAssert.assertAll(SoftAssert.java:47)
at org.testng.asserts.SoftAssert.assertAll(SoftAssert.java:31)
at testNg.day3.LearnTestNgAssertion.leafTapsLogin(LearnTestNgAssertion.java:46)
at sun.reflect.NativeMethodAccessorImpl.invoke0(Native Method)
at sun.reflect.NativeMethodAccessorImpl.invoke(Unknown Source)
at sun.reflect.DelegatingMethodAccessorImpl.invoke(Unknown Source)
at java.lang.reflect.Method.invoke(Unknown Source)
at org.testng.internal.MethodInvocationHelper.invokeMethod(MethodInvocationHelper.java:132)
at org.testng.internal.TestInvoker.invokeMethod(TestInvoker.java:599)
at org.testng.internal.TestInvoker.invokeTestMethod(TestInvoker.java:174)
at org.testng.internal.MethodRunner.runInSequence(MethodRunner.java:46)
at org.testng.internal.TestInvoker$MethodInvocationAgent.invoke(TestInvoker.java:822)
at org.testng.internal.TestInvoker.invokeTestMethods(TestInvoker.java:147)
at org.testng.internal.TestMethodWorker.invokeTestMethods(TestMethodWorker.java:146)
at org.testng.internal.TestMethodWorker.run(TestMethodWorker.java:128)
at java.util.concurrent.ThreadPoolExecutor.runWorker(Unknown Source)
at java.util.concurrent.ThreadPoolExecutor$Worker.run(Unknown Source)
at java.lang.Thread.run(Unknown Source)
]]>
    </failure>
  </testcase> <!-- leafTapsLogin -->
  <system-out/>
</testsuite> <!-- testNg.day3.LearnTestNgAssertion -->
