<?xml version="1.0" encoding="UTF-8"?>
<!-- Generated by org.testng.reporters.JUnitReportReporter -->
<testsuite skipped="0" hostname="LAPTOP-A33NF1HV" name="testNg.day2.LearnDependancyIjection" tests="1" failures="0" timestamp="2021-02-14T17:35:36 IST" time="0.002" errors="0">
  <testcase name="DuplicateLead" time="0.002" classname="testNg.day2.LearnDependancyIjection"/>
  <system-out/>
</testsuite> <!-- testNg.day2.LearnDependancyIjection -->
