<?xml version="1.0" encoding="UTF-8"?>
<!-- Generated by org.testng.reporters.JUnitReportReporter -->
<testsuite skipped="0" hostname="LAPTOP-A33NF1HV" name="testNg.day3.LearnGrouping" tests="5" failures="0" timestamp="2021-02-28T18:24:09 IST" time="0.016" errors="0">
  <testcase name="mergeLead" time="0.003" classname="testNg.day3.LearnGrouping"/>
  <system-out/>
  <testcase name="createLead" time="0.006" classname="testNg.day3.LearnGrouping"/>
  <system-out/>
  <testcase name="duplicateLead" time="0.002" classname="testNg.day3.LearnGrouping"/>
  <system-out/>
  <testcase name="editLead" time="0.003" classname="testNg.day3.LearnGrouping"/>
  <system-out/>
  <testcase name="deleteLead" time="0.002" classname="testNg.day3.LearnGrouping"/>
  <system-out/>
</testsuite> <!-- testNg.day3.LearnGrouping -->
