<?xml version="1.0" encoding="UTF-8"?>
<!-- Generated by org.testng.reporters.JUnitReportReporter -->
<testsuite skipped="0" hostname="LAPTOP-A33NF1HV" name="runner.RunDeleteLead" tests="1" failures="0" timestamp="2021-02-27T17:37:40 IST" time="26.417" errors="0">
  <testcase name="runScenario" time="26.417" classname="runner.RunDeleteLead"/>
  <system-out/>
</testsuite> <!-- runner.RunDeleteLead -->
